<?xml version="1.0" encoding="UTF-8" ?>
<testsuite failures="0" time="1.46" errors="0" skipped="0" tests="1" name="sample.HelloworldTestCase">
  <properties>
    <property name="java.runtime.name" value="Java(TM) SE Runtime Environment"/>
    <property name="sun.boot.library.path" value="C:\Program Files (x86)\Java\jdk1.6.0_12\jre\bin"/>
    <property name="java.vm.version" value="11.2-b01"/>
    <property name="java.vm.vendor" value="Sun Microsystems Inc."/>
    <property name="java.vendor.url" value="http://java.sun.com/"/>
    <property name="path.separator" value=";"/>
    <property name="java.vm.name" value="Java HotSpot(TM) Client VM"/>
    <property name="file.encoding.pkg" value="sun.io"/>
    <property name="user.country" value="CN"/>
    <property name="sun.java.launcher" value="SUN_STANDARD"/>
    <property name="sun.os.patch.level" value="Service Pack 1"/>
    <property name="java.vm.specification.name" value="Java Virtual Machine Specification"/>
    <property name="user.dir" value="D:\soft\tuscany\RC2.0\tuscany-distribution-all-2.0-src\tuscany-sca-2.0-src\samples\getting-started\helloworld-jsonrpc"/>
    <property name="java.runtime.version" value="1.6.0_12-b04"/>
    <property name="java.awt.graphicsenv" value="sun.awt.Win32GraphicsEnvironment"/>
    <property name="basedir" value="D:\soft\tuscany\RC2.0\tuscany-distribution-all-2.0-src\tuscany-sca-2.0-src\samples\getting-started\helloworld-jsonrpc"/>
    <property name="java.endorsed.dirs" value="C:\Program Files (x86)\Java\jdk1.6.0_12\jre\lib\endorsed"/>
    <property name="os.arch" value="x86"/>
    <property name="surefire.real.class.path" value="C:\Users\hx\AppData\Local\Temp\surefirebooter6376524670490542615.jar"/>
    <property name="java.io.tmpdir" value="C:\Users\hx\AppData\Local\Temp\"/>
    <property name="line.separator" value="
"/>
    <property name="java.vm.specification.vendor" value="Sun Microsystems Inc."/>
    <property name="user.variant" value=""/>
    <property name="JETTY_NO_SHUTDOWN_HOOK" value="true"/>
    <property name="os.name" value="Windows Vista"/>
    <property name="sun.jnu.encoding" value="GBK"/>
    <property name="java.library.path" value="C:\Program Files (x86)\Java\jdk1.6.0_12\jre\bin;.;C:\Windows\Sun\Java\bin;C:\Windows\system32;C:\Windows;D:\oracle\product\10.2.0\db_1\bin;C:\Program Files\Common Files\Microsoft Shared\Windows Live;C:\Program Files (x86)\Common Files\Microsoft Shared\Windows Live;C:\Program Files\Broadcom\Broadcom 802.11 Network Adapter\Driver;C:\Program Files (x86)\NVIDIA Corporation\PhysX\Common;C:\Program Files (x86)\Intel\iCLS Client\;C:\Program Files\Intel\iCLS Client\;C:\Windows\system32;C:\Windows;C:\Windows\System32\Wbem;C:\Windows\System32\WindowsPowerShell\v1.0\;C:\Program Files\Intel\Intel(R) Management Engine Components\DAL;C:\Program Files\Intel\Intel(R) Management Engine Components\IPT;C:\Program Files (x86)\Intel\Intel(R) Management Engine Components\DAL;C:\Program Files (x86)\Intel\Intel(R) Management Engine Components\IPT;C:\Program Files (x86)\Intel\OpenCL SDK\2.0\bin\x86;C:\Program Files (x86)\Intel\OpenCL SDK\2.0\bin\x64;C:\Program Files\WIDCOMM\Bluetooth Software\;C:\Program Files\WIDCOMM\Bluetooth Software\syswow64;C:\Program Files\Common Files\Lenovo;C:\Program Files (x86)\Common Files\Ulead Systems\MPEG;C:\Program Files (x86)\Windows Live\Shared;C:\SWTOOLS\ReadyApps;C:\Program Files (x86)\Symantec\VIP Access Client\;C:\Program Files (x86)\Common Files\Lenovo;C:\Program Files (x86)\Microsoft SQL Server\90\Tools\binn\;C:\Program Files (x86)\TortoiseSVN\bin;C:\Program Files (x86)\TechExcel\DevSuite\VersionLink\SVNClient;C:\Program Files (x86)\TechExcel\DevSuite\VersionLink\Common;C:\Program Files\TortoiseSVN\bin;C:\Program Files (x86)\Microsoft SQL Server\100\Tools\Binn\VSShell\Common7\IDE\;C:\Program Files (x86)\Microsoft SQL Server\100\Tools\Binn\;C:\Program Files\Microsoft SQL Server\100\Tools\Binn\;C:\Program Files (x86)\Microsoft SQL Server\100\DTS\Binn\;D:\soft\maven\apache-maven-3.0.4\bin;C:\Program Files (x86)\Java\jdk1.6.0_12\bin;D:\soft\tuscany\RC2.0\tuscany-distribution-all-2.0\tuscany-sca\bin;"/>
    <property name="surefire.test.class.path" value="D:\soft\tuscany\RC2.0\tuscany-distribution-all-2.0-src\tuscany-sca-2.0-src\samples\getting-started\helloworld-jsonrpc\target\test-classes;D:\soft\tuscany\RC2.0\tuscany-distribution-all-2.0-src\tuscany-sca-2.0-src\samples\getting-started\helloworld-jsonrpc\target\classes;d:\soft\.m2\repository\org\apache\tuscany\sca\tuscany-sca-api\2.0\tuscany-sca-api-2.0.jar;d:\soft\.m2\repository\junit\junit\4.8.1\junit-4.8.1.jar;d:\soft\.m2\repository\org\apache\tuscany\sca\tuscany-base-runtime\2.0\tuscany-base-runtime-2.0.jar;d:\soft\.m2\repository\org\apache\ws\commons\schema\XmlSchema\1.4.3\XmlSchema-1.4.3.jar;d:\soft\.m2\repository\wsdl4j\wsdl4j\1.6.2\wsdl4j-1.6.2.jar;d:\soft\.m2\repository\cglib\cglib\2.2\cglib-2.2.jar;d:\soft\.m2\repository\asm\asm\3.1\asm-3.1.jar;d:\soft\.m2\repository\org\apache\tuscany\sca\tuscany-binding-jsonrpc-runtime\2.0\tuscany-binding-jsonrpc-runtime-2.0.jar;d:\soft\.m2\repository\org\apache\tuscany\sca\tuscany-binding-jsonrpc\2.0\tuscany-binding-jsonrpc-2.0.jar;d:\soft\.m2\repository\org\apache\tuscany\sca\tuscany-assembly\2.0\tuscany-assembly-2.0.jar;d:\soft\.m2\repository\org\apache\tuscany\sca\tuscany-monitor\2.0\tuscany-monitor-2.0.jar;d:\soft\.m2\repository\org\apache\tuscany\sca\tuscany-core-spi\2.0\tuscany-core-spi-2.0.jar;d:\soft\.m2\repository\org\apache\tuscany\sca\tuscany-extensibility\2.0\tuscany-extensibility-2.0.jar;d:\soft\.m2\repository\org\apache\tuscany\sca\tuscany-contribution\2.0\tuscany-contribution-2.0.jar;d:\soft\.m2\repository\org\apache\tuscany\sca\tuscany-assembly-xsd\2.0\tuscany-assembly-xsd-2.0.jar;d:\soft\.m2\repository\org\apache\tuscany\sca\tuscany-common-java\2.0\tuscany-common-java-2.0.jar;d:\soft\.m2\repository\org\apache\tuscany\sca\tuscany-core\2.0\tuscany-core-2.0.jar;d:\soft\.m2\repository\org\apache\tuscany\sca\tuscany-interface-java\2.0\tuscany-interface-java-2.0.jar;d:\soft\.m2\repository\org\apache\tuscany\sca\tuscany-interface-wsdl\2.0\tuscany-interface-wsdl-2.0.jar;d:\soft\.m2\repository\org\apache\tuscany\sca\tuscany-databinding\2.0\tuscany-databinding-2.0.jar;d:\soft\.m2\repository\org\apache\tuscany\sca\tuscany-xsd\2.0\tuscany-xsd-2.0.jar;d:\soft\.m2\repository\org\apache\tuscany\sca\tuscany-common-xml\2.0\tuscany-common-xml-2.0.jar;d:\soft\.m2\repository\org\apache\tuscany\sca\tuscany-databinding-json\2.0\tuscany-databinding-json-2.0.jar;d:\soft\.m2\repository\org\codehaus\jackson\jackson-core-asl\1.9.4\jackson-core-asl-1.9.4.jar;d:\soft\.m2\repository\org\codehaus\jackson\jackson-mapper-asl\1.9.4\jackson-mapper-asl-1.9.4.jar;d:\soft\.m2\repository\org\codehaus\jackson\jackson-xc\1.9.4\jackson-xc-1.9.4.jar;d:\soft\.m2\repository\com\fasterxml\jackson-module-json-org\0.9.1\jackson-module-json-org-0.9.1.jar;d:\soft\.m2\repository\org\codehaus\jettison\jettison\1.2\jettison-1.2.jar;d:\soft\.m2\repository\org\apache\ws\commons\axiom\axiom-api\1.2.10\axiom-api-1.2.10.jar;d:\soft\.m2\repository\org\apache\geronimo\specs\geronimo-javamail_1.4_spec\1.6\geronimo-javamail_1.4_spec-1.6.jar;d:\soft\.m2\repository\jaxen\jaxen\1.1.1\jaxen-1.1.1.jar;d:\soft\.m2\repository\org\apache\ws\commons\axiom\axiom-impl\1.2.10\axiom-impl-1.2.10.jar;d:\soft\.m2\repository\org\apache\tuscany\sca\tuscany-host-http\2.0\tuscany-host-http-2.0.jar;d:\soft\.m2\repository\org\apache\tuscany\sca\tuscany-common-http\2.0\tuscany-common-http-2.0.jar;d:\soft\.m2\repository\org\apache\tuscany\sca\tuscany-assembly-xml\2.0\tuscany-assembly-xml-2.0.jar;d:\soft\.m2\repository\org\apache\tuscany\sca\tuscany-web-javascript\2.0\tuscany-web-javascript-2.0.jar;d:\soft\.m2\repository\org\apache\httpcomponents\httpclient\4.1.3\httpclient-4.1.3.jar;d:\soft\.m2\repository\org\apache\httpcomponents\httpcore\4.1.4\httpcore-4.1.4.jar;d:\soft\.m2\repository\commons-codec\commons-codec\1.4\commons-codec-1.4.jar;d:\soft\.m2\repository\org\json\json\20090211\json-20090211.jar;d:\soft\.m2\repository\org\slf4j\slf4j-api\1.6.1\slf4j-api-1.6.1.jar;d:\soft\.m2\repository\org\slf4j\slf4j-jdk14\1.6.1\slf4j-jdk14-1.6.1.jar;d:\soft\.m2\repository\commons-logging\commons-logging\1.1.1\commons-logging-1.1.1.jar;d:\soft\.m2\repository\org\mortbay\jetty\jetty\6.1.26\jetty-6.1.26.jar;d:\soft\.m2\repository\org\mortbay\jetty\jetty-util\6.1.26\jetty-util-6.1.26.jar;d:\soft\.m2\repository\org\mortbay\jetty\servlet-api\2.5-20081211\servlet-api-2.5-20081211.jar;"/>
    <property name="java.specification.name" value="Java Platform API Specification"/>
    <property name="java.class.version" value="50.0"/>
    <property name="sun.management.compiler" value="HotSpot Client Compiler"/>
    <property name="os.version" value="6.1"/>
    <property name="user.home" value="C:\Users\hx"/>
    <property name="user.timezone" value="Asia/Shanghai"/>
    <property name="java.awt.printerjob" value="sun.awt.windows.WPrinterJob"/>
    <property name="java.specification.version" value="1.6"/>
    <property name="file.encoding" value="GBK"/>
    <property name="user.name" value="hx"/>
    <property name="java.class.path" value="D:\soft\tuscany\RC2.0\tuscany-distribution-all-2.0-src\tuscany-sca-2.0-src\samples\getting-started\helloworld-jsonrpc\target\test-classes;D:\soft\tuscany\RC2.0\tuscany-distribution-all-2.0-src\tuscany-sca-2.0-src\samples\getting-started\helloworld-jsonrpc\target\classes;d:\soft\.m2\repository\org\apache\tuscany\sca\tuscany-sca-api\2.0\tuscany-sca-api-2.0.jar;d:\soft\.m2\repository\junit\junit\4.8.1\junit-4.8.1.jar;d:\soft\.m2\repository\org\apache\tuscany\sca\tuscany-base-runtime\2.0\tuscany-base-runtime-2.0.jar;d:\soft\.m2\repository\org\apache\ws\commons\schema\XmlSchema\1.4.3\XmlSchema-1.4.3.jar;d:\soft\.m2\repository\wsdl4j\wsdl4j\1.6.2\wsdl4j-1.6.2.jar;d:\soft\.m2\repository\cglib\cglib\2.2\cglib-2.2.jar;d:\soft\.m2\repository\asm\asm\3.1\asm-3.1.jar;d:\soft\.m2\repository\org\apache\tuscany\sca\tuscany-binding-jsonrpc-runtime\2.0\tuscany-binding-jsonrpc-runtime-2.0.jar;d:\soft\.m2\repository\org\apache\tuscany\sca\tuscany-binding-jsonrpc\2.0\tuscany-binding-jsonrpc-2.0.jar;d:\soft\.m2\repository\org\apache\tuscany\sca\tuscany-assembly\2.0\tuscany-assembly-2.0.jar;d:\soft\.m2\repository\org\apache\tuscany\sca\tuscany-monitor\2.0\tuscany-monitor-2.0.jar;d:\soft\.m2\repository\org\apache\tuscany\sca\tuscany-core-spi\2.0\tuscany-core-spi-2.0.jar;d:\soft\.m2\repository\org\apache\tuscany\sca\tuscany-extensibility\2.0\tuscany-extensibility-2.0.jar;d:\soft\.m2\repository\org\apache\tuscany\sca\tuscany-contribution\2.0\tuscany-contribution-2.0.jar;d:\soft\.m2\repository\org\apache\tuscany\sca\tuscany-assembly-xsd\2.0\tuscany-assembly-xsd-2.0.jar;d:\soft\.m2\repository\org\apache\tuscany\sca\tuscany-common-java\2.0\tuscany-common-java-2.0.jar;d:\soft\.m2\repository\org\apache\tuscany\sca\tuscany-core\2.0\tuscany-core-2.0.jar;d:\soft\.m2\repository\org\apache\tuscany\sca\tuscany-interface-java\2.0\tuscany-interface-java-2.0.jar;d:\soft\.m2\repository\org\apache\tuscany\sca\tuscany-interface-wsdl\2.0\tuscany-interface-wsdl-2.0.jar;d:\soft\.m2\repository\org\apache\tuscany\sca\tuscany-databinding\2.0\tuscany-databinding-2.0.jar;d:\soft\.m2\repository\org\apache\tuscany\sca\tuscany-xsd\2.0\tuscany-xsd-2.0.jar;d:\soft\.m2\repository\org\apache\tuscany\sca\tuscany-common-xml\2.0\tuscany-common-xml-2.0.jar;d:\soft\.m2\repository\org\apache\tuscany\sca\tuscany-databinding-json\2.0\tuscany-databinding-json-2.0.jar;d:\soft\.m2\repository\org\codehaus\jackson\jackson-core-asl\1.9.4\jackson-core-asl-1.9.4.jar;d:\soft\.m2\repository\org\codehaus\jackson\jackson-mapper-asl\1.9.4\jackson-mapper-asl-1.9.4.jar;d:\soft\.m2\repository\org\codehaus\jackson\jackson-xc\1.9.4\jackson-xc-1.9.4.jar;d:\soft\.m2\repository\com\fasterxml\jackson-module-json-org\0.9.1\jackson-module-json-org-0.9.1.jar;d:\soft\.m2\repository\org\codehaus\jettison\jettison\1.2\jettison-1.2.jar;d:\soft\.m2\repository\org\apache\ws\commons\axiom\axiom-api\1.2.10\axiom-api-1.2.10.jar;d:\soft\.m2\repository\org\apache\geronimo\specs\geronimo-javamail_1.4_spec\1.6\geronimo-javamail_1.4_spec-1.6.jar;d:\soft\.m2\repository\jaxen\jaxen\1.1.1\jaxen-1.1.1.jar;d:\soft\.m2\repository\org\apache\ws\commons\axiom\axiom-impl\1.2.10\axiom-impl-1.2.10.jar;d:\soft\.m2\repository\org\apache\tuscany\sca\tuscany-host-http\2.0\tuscany-host-http-2.0.jar;d:\soft\.m2\repository\org\apache\tuscany\sca\tuscany-common-http\2.0\tuscany-common-http-2.0.jar;d:\soft\.m2\repository\org\apache\tuscany\sca\tuscany-assembly-xml\2.0\tuscany-assembly-xml-2.0.jar;d:\soft\.m2\repository\org\apache\tuscany\sca\tuscany-web-javascript\2.0\tuscany-web-javascript-2.0.jar;d:\soft\.m2\repository\org\apache\httpcomponents\httpclient\4.1.3\httpclient-4.1.3.jar;d:\soft\.m2\repository\org\apache\httpcomponents\httpcore\4.1.4\httpcore-4.1.4.jar;d:\soft\.m2\repository\commons-codec\commons-codec\1.4\commons-codec-1.4.jar;d:\soft\.m2\repository\org\json\json\20090211\json-20090211.jar;d:\soft\.m2\repository\org\slf4j\slf4j-api\1.6.1\slf4j-api-1.6.1.jar;d:\soft\.m2\repository\org\slf4j\slf4j-jdk14\1.6.1\slf4j-jdk14-1.6.1.jar;d:\soft\.m2\repository\commons-logging\commons-logging\1.1.1\commons-logging-1.1.1.jar;d:\soft\.m2\repository\org\mortbay\jetty\jetty\6.1.26\jetty-6.1.26.jar;d:\soft\.m2\repository\org\mortbay\jetty\jetty-util\6.1.26\jetty-util-6.1.26.jar;d:\soft\.m2\repository\org\mortbay\jetty\servlet-api\2.5-20081211\servlet-api-2.5-20081211.jar;"/>
    <property name="java.vm.specification.version" value="1.0"/>
    <property name="sun.arch.data.model" value="32"/>
    <property name="java.home" value="C:\Program Files (x86)\Java\jdk1.6.0_12\jre"/>
    <property name="java.specification.vendor" value="Sun Microsystems Inc."/>
    <property name="user.language" value="zh"/>
    <property name="awt.toolkit" value="sun.awt.windows.WToolkit"/>
    <property name="java.vm.info" value="mixed mode, sharing"/>
    <property name="java.version" value="1.6.0_12"/>
    <property name="java.ext.dirs" value="C:\Program Files (x86)\Java\jdk1.6.0_12\jre\lib\ext;C:\Windows\Sun\Java\lib\ext"/>
    <property name="sun.boot.class.path" value="C:\Program Files (x86)\Java\jdk1.6.0_12\jre\lib\resources.jar;C:\Program Files (x86)\Java\jdk1.6.0_12\jre\lib\rt.jar;C:\Program Files (x86)\Java\jdk1.6.0_12\jre\lib\sunrsasign.jar;C:\Program Files (x86)\Java\jdk1.6.0_12\jre\lib\jsse.jar;C:\Program Files (x86)\Java\jdk1.6.0_12\jre\lib\jce.jar;C:\Program Files (x86)\Java\jdk1.6.0_12\jre\lib\charsets.jar;C:\Program Files (x86)\Java\jdk1.6.0_12\jre\classes"/>
    <property name="java.vendor" value="Sun Microsystems Inc."/>
    <property name="localRepository" value="d:\soft\.m2\repository"/>
    <property name="file.separator" value="\"/>
    <property name="java.vendor.url.bug" value="http://java.sun.com/cgi-bin/bugreport.cgi"/>
    <property name="sun.cpu.endian" value="little"/>
    <property name="sun.io.unicode.encoding" value="UnicodeLittle"/>
    <property name="sun.desktop" value="windows"/>
    <property name="sun.cpu.isalist" value="pentium_pro+mmx pentium_pro pentium+mmx pentium i486 i386 i86"/>
  </properties>
  <testcase time="1.44" classname="sample.HelloworldTestCase" name="testSayHello"/>
</testsuite>